# JRE version: OpenJDK Runtime Environment Temurin-17.0.3+7 (17.0.3+7) (build 17.0.3+7)
# Java VM: OpenJDK 64-Bit Server VM Temurin-17.0.3+7 (17.0.3+7, mixed mode, sharing, tiered, compressed oops, compressed class ptrs, g1 gc, windows-amd64)
GC Precious Log:
 CPUs: 12 total, 12 available
 Memory: 16203M
 Large Page Support: Disabled
 NUMA Support: Disabled
 Compressed Oops: Enabled (Zero based)
 Heap Region Size: 2M
 Heap Min Capacity: 512M
 Heap Initial Capacity: 512M
 Heap Max Capacity: 4072M
 Pre-touch: Disabled
 Parallel Workers: 10
 Concurrent Workers: 3
 Concurrent Refinement Workers: 10
 Periodic GC: Disabled
 String Deduplication is enabled
Heap:
 garbage-first heap   total 524288K, used 214894K [0x0000000701800000, 0x0000000800000000)
  region size 2048K, 10 young (20480K), 2 survivors (4096K)
 Metaspace       used 116300K, committed 117184K, reserved 1155072K
  class space    used 16761K, committed 17216K, reserved 1048576K
GC Heap History (20 events):
Event: 1678.122 GC heap before
{Heap before GC invocations=412 (full 106):
 garbage-first heap   total 524288K, used 268543K [0x0000000701800000, 0x0000000800000000)
  region size 2048K, 40 young (81920K), 2 survivors (4096K)
 Metaspace       used 116267K, committed 117184K, reserved 1155072K
  class space    used 16761K, committed 17216K, reserved 1048576K
}
Event: 1678.124 GC heap after
{Heap after GC invocations=413 (full 106):
 garbage-first heap   total 524288K, used 190881K [0x0000000701800000, 0x0000000800000000)
  region size 2048K, 2 young (4096K), 2 survivors (4096K)
 Metaspace       used 116267K, committed 117184K, reserved 1155072K
  class space    used 16761K, committed 17216K, reserved 1048576K
}
Event: 1678.974 GC heap before
{Heap before GC invocations=413 (full 106):
 garbage-first heap   total 524288K, used 268705K [0x0000000701800000, 0x0000000800000000)
  region size 2048K, 40 young (81920K), 2 survivors (4096K)
 Metaspace       used 116270K, committed 117184K, reserved 1155072K
  class space    used 16761K, committed 17216K, reserved 1048576K
}
Event: 1678.977 GC heap after
{Heap after GC invocations=414 (full 106):
 garbage-first heap   total 524288K, used 191455K [0x0000000701800000, 0x0000000800000000)
  region size 2048K, 2 young (4096K), 2 survivors (4096K)
 Metaspace       used 116270K, committed 117184K, reserved 1155072K
  class space    used 16761K, committed 17216K, reserved 1048576K
}
Event: 1679.709 GC heap before
{Heap before GC invocations=414 (full 106):
 garbage-first heap   total 524288K, used 269279K [0x0000000701800000, 0x0000000800000000)
  region size 2048K, 40 young (81920K), 2 survivors (4096K)
 Metaspace       used 116270K, committed 117184K, reserved 1155072K
  class space    used 16761K, committed 17216K, reserved 1048576K
}
Event: 1679.712 GC heap after
{Heap after GC invocations=415 (full 106):
 garbage-first heap   total 524288K, used 191473K [0x0000000701800000, 0x0000000800000000)
  region size 2048K, 2 young (4096K), 2 survivors (4096K)
 Metaspace       used 116270K, committed 117184K, reserved 1155072K
  class space    used 16761K, committed 17216K, reserved 1048576K
}
Event: 1680.822 GC heap before
{Heap before GC invocations=415 (full 106):
 garbage-first heap   total 524288K, used 269297K [0x0000000701800000, 0x0000000800000000)
  region size 2048K, 40 young (81920K), 2 survivors (4096K)
 Metaspace       used 116270K, committed 117184K, reserved 1155072K
  class space    used 16761K, committed 17216K, reserved 1048576K
}
Event: 1680.825 GC heap after
{Heap after GC invocations=416 (full 106):
 garbage-first heap   total 524288K, used 191774K [0x0000000701800000, 0x0000000800000000)
  region size 2048K, 2 young (4096K), 2 survivors (4096K)
 Metaspace       used 116270K, committed 117184K, reserved 1155072K
  class space    used 16761K, committed 17216K, reserved 1048576K
}
Event: 1683.525 GC heap before
{Heap before GC invocations=416 (full 106):
 garbage-first heap   total 524288K, used 269598K [0x0000000701800000, 0x0000000800000000)
  region size 2048K, 40 young (81920K), 2 survivors (4096K)
 Metaspace       used 116273K, committed 117184K, reserved 1155072K
  class space    used 16761K, committed 17216K, reserved 1048576K
}
Event: 1683.528 GC heap after
{Heap after GC invocations=417 (full 106):
 garbage-first heap   total 524288K, used 190880K [0x0000000701800000, 0x0000000800000000)
  region size 2048K, 2 young (4096K), 2 survivors (4096K)
 Metaspace       used 116273K, committed 117184K, reserved 1155072K
  class space    used 16761K, committed 17216K, reserved 1048576K
}
Event: 1728.046 GC heap before
{Heap before GC invocations=417 (full 106):
 garbage-first heap   total 524288K, used 276896K [0x0000000701800000, 0x0000000800000000)
  region size 2048K, 40 young (81920K), 2 survivors (4096K)
 Metaspace       used 116274K, committed 117184K, reserved 1155072K
  class space    used 16761K, committed 17216K, reserved 1048576K
}
Event: 1728.049 GC heap after
{Heap after GC invocations=418 (full 106):
 garbage-first heap   total 524288K, used 199278K [0x0000000701800000, 0x0000000800000000)
  region size 2048K, 2 young (4096K), 2 survivors (4096K)
 Metaspace       used 116274K, committed 117184K, reserved 1155072K
  class space    used 16761K, committed 17216K, reserved 1048576K
}
Event: 1732.764 GC heap before
{Heap before GC invocations=418 (full 106):
 garbage-first heap   total 524288K, used 277102K [0x0000000701800000, 0x0000000800000000)
  region size 2048K, 40 young (81920K), 2 survivors (4096K)
 Metaspace       used 116274K, committed 117184K, reserved 1155072K
  class space    used 16761K, committed 17216K, reserved 1048576K
}
Event: 1732.766 GC heap after
{Heap after GC invocations=419 (full 106):
 garbage-first heap   total 524288K, used 199629K [0x0000000701800000, 0x0000000800000000)
  region size 2048K, 2 young (4096K), 2 survivors (4096K)
 Metaspace       used 116274K, committed 117184K, reserved 1155072K
  class space    used 16761K, committed 17216K, reserved 1048576K
}
Event: 1733.257 GC heap before
{Heap before GC invocations=419 (full 106):
 garbage-first heap   total 524288K, used 277453K [0x0000000701800000, 0x0000000800000000)
  region size 2048K, 40 young (81920K), 2 survivors (4096K)
 Metaspace       used 116286K, committed 117184K, reserved 1155072K
  class space    used 16761K, committed 17216K, reserved 1048576K
}
Event: 1733.260 GC heap after
{Heap after GC invocations=420 (full 106):
 garbage-first heap   total 524288K, used 200631K [0x0000000701800000, 0x0000000800000000)
  region size 2048K, 3 young (6144K), 3 survivors (6144K)
 Metaspace       used 116286K, committed 117184K, reserved 1155072K
  class space    used 16761K, committed 17216K, reserved 1048576K
}
Event: 1733.629 GC heap before
{Heap before GC invocations=420 (full 106):
 garbage-first heap   total 524288K, used 276407K [0x0000000701800000, 0x0000000800000000)
  region size 2048K, 40 young (81920K), 3 survivors (6144K)
 Metaspace       used 116294K, committed 117184K, reserved 1155072K
  class space    used 16761K, committed 17216K, reserved 1048576K
}
Event: 1733.632 GC heap after
{Heap after GC invocations=421 (full 106):
 garbage-first heap   total 524288K, used 200652K [0x0000000701800000, 0x0000000800000000)
  region size 2048K, 2 young (4096K), 2 survivors (4096K)
 Metaspace       used 116294K, committed 117184K, reserved 1155072K
  class space    used 16761K, committed 17216K, reserved 1048576K
}
Event: 1735.636 GC heap before
{Heap before GC invocations=421 (full 106):
 garbage-first heap   total 524288K, used 278476K [0x0000000701800000, 0x0000000800000000)
  region size 2048K, 40 young (81920K), 2 survivors (4096K)
 Metaspace       used 116298K, committed 117184K, reserved 1155072K
  class space    used 16761K, committed 17216K, reserved 1048576K
}
Event: 1735.638 GC heap after
{Heap after GC invocations=422 (full 106):
 garbage-first heap   total 524288K, used 200558K [0x0000000701800000, 0x0000000800000000)
  region size 2048K, 2 young (4096K), 2 survivors (4096K)
 Metaspace       used 116298K, committed 117184K, reserved 1155072K
  class space    used 16761K, committed 17216K, reserved 1048576K
}

